[debug] [2019-05-01T13:19:21.066Z] ----------------------------------------------------------------------
[debug] [2019-05-01T13:19:21.068Z] Command:       /usr/local/bin/node /usr/local/bin/firebase serve
[debug] [2019-05-01T13:19:21.068Z] CLI Version:   6.7.2
[debug] [2019-05-01T13:19:21.068Z] Platform:      darwin
[debug] [2019-05-01T13:19:21.069Z] Node Version:  v8.12.0
[debug] [2019-05-01T13:19:21.069Z] Time:          Wed May 01 2019 21:19:21 GMT+0800 (CST)
[debug] [2019-05-01T13:19:21.069Z] ----------------------------------------------------------------------
[debug] 
[debug] [2019-05-01T13:19:21.078Z] > command requires scopes: ["email","openid","https://www.googleapis.com/auth/cloudplatformprojects.readonly","https://www.googleapis.com/auth/firebase","https://www.googleapis.com/auth/cloud-platform"]
[debug] [2019-05-01T13:19:21.079Z] > authorizing via signed-in user
[debug] [2019-05-01T13:19:21.079Z] [iam] checking project phone-sms-check for permissions ["firebase.projects.get"]
[debug] [2019-05-01T13:19:21.080Z] >>> HTTP REQUEST POST https://cloudresourcemanager.googleapis.com/v1/projects/phone-sms-check:testIamPermissions  

[debug] [2019-05-01T13:19:22.050Z] <<< HTTP RESPONSE 200
[debug] [2019-05-01T13:19:22.052Z] >>> HTTP REQUEST GET https://cloudresourcemanager.googleapis.com/v1/projects/phone-sms-check  
 
[debug] [2019-05-01T13:19:23.025Z] <<< HTTP RESPONSE 200
[info] 
[info] === Serving from '/Users/taka/Documents/GitHub/quickstart-js/auth'...
[info] 
[debug] [2019-05-01T13:19:23.027Z] >>> HTTP REQUEST GET https://mobilesdk-pa.googleapis.com/v1/projects/188043672236/clients/_:getWebAppConfig  
 
[debug] [2019-05-01T13:19:23.819Z] <<< HTTP RESPONSE 200
[info] i  hosting: Serving hosting files from: ./
[info] ✔  hosting: Local server: http://localhost:5000
